<?xml version="1.0" encoding="UTF-8"?>
<!-- Generated by org.testng.reporters.JUnitReportReporter -->
<testsuite hostname="LAPTOP-V2NOMDAU" failures="0" tests="1" name="homePage.searchFunctionality" time="7.817" errors="0" timestamp="04 May 2021 00:20:36 GMT" skipped="0">
  <testcase classname="homePage.searchFunctionality" name="verfiySearchWithResultsTEST" time="7.817"/>
</testsuite> <!-- homePage.searchFunctionality -->
