<?xml version="1.0" encoding="UTF-8"?>
<!-- Generated by org.testng.reporters.JUnitReportReporter -->
<testsuite hostname="LAPTOP-V2NOMDAU" failures="0" tests="1" name="homePage.shoppingCart" time="12.018" errors="0" timestamp="04 May 2021 05:19:12 GMT" skipped="0">
  <testcase classname="homePage.shoppingCart" name="validate15ItemLimitInCart" time="12.018"/>
</testsuite> <!-- homePage.shoppingCart -->
