<?xml version="1.0" encoding="UTF-8"?>
<!-- Generated by org.testng.reporters.JUnitReportReporter -->
<testsuite hostname="LAPTOP-V2NOMDAU" failures="0" tests="2" name="homePage.homePageTest" time="9.482" errors="0" timestamp="03 May 2021 11:38:21 GMT" skipped="0">
  <testcase classname="homePage.homePageTest" name="searchFunctionalityIsDisplayed" time="5.307"/>
  <testcase classname="homePage.homePageTest" name="getcarduiHeaderList" time="4.175"/>
</testsuite> <!-- homePage.homePageTest -->
